<?xml version="1.0" encoding="utf-8"?><testsuites name="pytest tests"><testsuite name="pytest" errors="0" failures="0" skipped="0" tests="16" time="2.640" timestamp="2026-03-05T10:21:24.106509+00:00" hostname="agent-env-9bf12b2a-df32-4e9b-880c-df040dfad5ce"><testcase classname="backend.tests.test_announcement_api.TestPublicAnnouncementAPI" name="test_get_cantina_config_returns_announcement_fields" time="0.265" /><testcase classname="backend.tests.test_announcement_api.TestPublicAnnouncementAPI" name="test_cantina_has_active_warning_announcement" time="0.112" /><testcase classname="backend.tests.test_announcement_api.TestPublicAnnouncementAPI" name="test_mercato_has_active_success_announcement" time="0.110" /><testcase classname="backend.tests.test_announcement_api.TestPublicAnnouncementAPI" name="test_bottega_has_no_active_announcement" time="0.104" /><testcase classname="backend.tests.test_announcement_api.TestPublicAnnouncementAPI" name="test_invalid_site_returns_404" time="0.112" /><testcase classname="backend.tests.test_announcement_api.TestSiteAdminLogin" name="test_valid_cantina_login" time="0.129" /><testcase classname="backend.tests.test_announcement_api.TestSiteAdminLogin" name="test_valid_mercato_login" time="0.110" /><testcase classname="backend.tests.test_announcement_api.TestSiteAdminLogin" name="test_invalid_password_fails" time="0.099" /><testcase classname="backend.tests.test_announcement_api.TestSiteAdminLogin" name="test_invalid_email_fails" time="0.139" /><testcase classname="backend.tests.test_announcement_api.TestSiteAdminAnnouncementAPI" name="test_get_own_site_config" time="0.154" /><testcase classname="backend.tests.test_announcement_api.TestSiteAdminAnnouncementAPI" name="test_update_announcement_text" time="0.212" /><testcase classname="backend.tests.test_announcement_api.TestSiteAdminAnnouncementAPI" name="test_update_announcement_active_status" time="0.306" /><testcase classname="backend.tests.test_announcement_api.TestSiteAdminAnnouncementAPI" name="test_update_announcement_type" time="0.419" /><testcase classname="backend.tests.test_announcement_api.TestSiteAdminAnnouncementAPI" name="test_unauthenticated_cannot_update_config" time="0.104" /><testcase classname="backend.tests.test_announcement_api.TestHealthCheck" name="test_api_health" time="0.110" /><testcase classname="backend.tests.test_announcement_api.TestHealthCheck" name="test_api_root" time="0.111" /></testsuite></testsuites>