<?xml version="1.0" encoding="utf-8"?><testsuites name="pytest tests"><testsuite name="pytest" errors="0" failures="0" skipped="0" tests="10" time="1.884" timestamp="2026-04-14T00:35:51.475585+00:00" hostname="agent-env-b231520c-9fa2-4a10-a8f3-393952d5d136"><testcase classname="backend.tests.test_hotel_del_pacifico.TestHotelDelPacificoPublicAPI" name="test_public_site_exists" time="0.236" /><testcase classname="backend.tests.test_hotel_del_pacifico.TestHotelDelPacificoPublicAPI" name="test_public_site_data_by_slug" time="0.162" /><testcase classname="backend.tests.test_hotel_del_pacifico.TestHotelDelPacificoPublicAPI" name="test_room_prices_have_correct_structure" time="0.141" /><testcase classname="backend.tests.test_hotel_del_pacifico.TestHotelDelPacificoPublicAPI" name="test_room_prices_values" time="0.134" /><testcase classname="backend.tests.test_hotel_del_pacifico.TestSiteAdminLogin" name="test_login_with_valid_credentials" time="0.152" /><testcase classname="backend.tests.test_hotel_del_pacifico.TestSiteAdminLogin" name="test_login_with_invalid_credentials" time="0.115" /><testcase classname="backend.tests.test_hotel_del_pacifico.TestSiteAdminDashboard" name="test_get_admin_me" time="0.158" /><testcase classname="backend.tests.test_hotel_del_pacifico.TestSiteAdminDashboard" name="test_get_site_config" time="0.276" /><testcase classname="backend.tests.test_hotel_del_pacifico.TestSiteAdminDashboard" name="test_update_room_prices" time="0.324" /><testcase classname="backend.tests.test_hotel_del_pacifico.TestFWorksPortfolio" name="test_fworks_site_exists" time="0.148" /></testsuite></testsuites>